mobility/manifest-merger-release-report.txt
-- Merging decision tree log ---
manifest
ADDED from AndroidManifest.xml:2:1
	xmlns:tools
		ADDED from AndroidManifest.xml:3:11
	xmlns:android
		ADDED from AndroidManifest.xml:2:11
	package
		ADDED from AndroidManifest.xml:4:11
		INJECTED from AndroidManifest.xml:0:0
		INJECTED from AndroidManifest.xml:0:0
	android:versionName
		INJECTED from AndroidManifest.xml:0:0
		INJECTED from AndroidManifest.xml:0:0
	android:versionCode
		INJECTED from AndroidManifest.xml:0:0
		INJECTED from AndroidManifest.xml:0:0
uses-sdk
ADDED from AndroidManifest.xml:6:5
MERGED from com.android.support:appcompat-v7:19.1.0:18:5
MERGED from com.google.android.gms:play-services:4.4.52:17:5
MERGED from org.ohmage:android-stream-lib:2.0-SNAPSHOT:3:5
MERGED from :omhClientLib-release::7:5
	android:targetSdkVersion
		ADDED from AndroidManifest.xml:6:15
		INJECTED from AndroidManifest.xml:0:0
		INJECTED from AndroidManifest.xml:0:0
	android:minSdkVersion
		ADDED from AndroidManifest.xml:6:45
		INJECTED from AndroidManifest.xml:0:0
		INJECTED from AndroidManifest.xml:0:0
	tools:overrideLibrary
		ADDED from AndroidManifest.xml:7:15
uses-permission#com.google.android.gms.permission.ACTIVITY_RECOGNITION
ADDED from AndroidManifest.xml:9:5
	android:name
		ADDED from AndroidManifest.xml:9:22
uses-permission#android.permission.ACCESS_FINE_LOCATION
ADDED from AndroidManifest.xml:10:5
	android:name
		ADDED from AndroidManifest.xml:10:22
uses-permission#android.permission.RECEIVE_BOOT_COMPLETED
ADDED from AndroidManifest.xml:11:5
	android:name
		ADDED from AndroidManifest.xml:11:22
uses-permission#android.permission.ACCESS_NETWORK_STATE
ADDED from AndroidManifest.xml:12:5
	android:name
		ADDED from AndroidManifest.xml:12:22
uses-permission#android.permission.INTERNET
ADDED from AndroidManifest.xml:13:5
MERGED from :omhClientLib-release::11:5
	android:name
		ADDED from AndroidManifest.xml:13:22
uses-permission#android.permission.WRITE_EXTERNAL_STORAGE
ADDED from AndroidManifest.xml:14:5
MERGED from :omhClientLib-release::14:5
	android:name
		ADDED from AndroidManifest.xml:14:22
uses-permission#android.permission.GET_ACCOUNTS
ADDED from AndroidManifest.xml:15:5
MERGED from :omhClientLib-release::12:5
	android:name
		ADDED from AndroidManifest.xml:15:22
uses-permission#android.permission.USE_CREDENTIALS
ADDED from AndroidManifest.xml:16:5
MERGED from :omhClientLib-release::13:5
	android:name
		ADDED from AndroidManifest.xml:16:22
application
ADDED from AndroidManifest.xml:18:5
MERGED from com.android.support:appcompat-v7:19.1.0:19:5
MERGED from com.google.android.gms:play-services:4.4.52:18:5
MERGED from org.ohmage:android-stream-lib:2.0-SNAPSHOT:5:5
MERGED from :omhClientLib-release::19:5
	android:label
		ADDED from AndroidManifest.xml:21:13
	android:allowBackup
		ADDED from AndroidManifest.xml:19:13
	android:icon
		ADDED from AndroidManifest.xml:20:13
	android:theme
		ADDED from AndroidManifest.xml:23:13
		REJECTED from :omhClientLib-release::23:9
	tools:replace
		ADDED from AndroidManifest.xml:22:13
activity#org.ohmage.mobility.MainActivity
ADDED from AndroidManifest.xml:25:9
	android:label
		ADDED from AndroidManifest.xml:28:17
	android:description
		ADDED from AndroidManifest.xml:27:17
	android:name
		ADDED from AndroidManifest.xml:26:17
intent-filter#android.intent.action.MAIN+android.intent.category.DEFAULT+android.intent.category.LAUNCHER
ADDED from AndroidManifest.xml:29:13
action#android.intent.action.MAIN
ADDED from AndroidManifest.xml:30:17
	android:name
		ADDED from AndroidManifest.xml:30:25
category#android.intent.category.LAUNCHER
ADDED from AndroidManifest.xml:32:17
	android:name
		ADDED from AndroidManifest.xml:32:27
category#android.intent.category.DEFAULT
ADDED from AndroidManifest.xml:33:17
	android:name
		ADDED from AndroidManifest.xml:33:27
service#org.ohmage.mobility.activity.ActivityRecognitionIntentService
ADDED from AndroidManifest.xml:37:9
	android:name
		ADDED from AndroidManifest.xml:37:18
service#org.ohmage.mobility.location.LocationListenerIntentService
ADDED from AndroidManifest.xml:38:9
	android:name
		ADDED from AndroidManifest.xml:38:18
receiver#org.ohmage.mobility.AutoStartUp
ADDED from AndroidManifest.xml:40:9
	android:name
		ADDED from AndroidManifest.xml:41:17
intent-filter#android.intent.action.BOOT_COMPLETED
ADDED from AndroidManifest.xml:42:13
action#android.intent.action.BOOT_COMPLETED
ADDED from AndroidManifest.xml:43:17
	android:name
		ADDED from AndroidManifest.xml:43:25
meta-data#com.google.android.gms.version
ADDED from AndroidManifest.xml:47:9
MERGED from :omhClientLib-release::24:9
	android:name
		ADDED from AndroidManifest.xml:48:17
	android:value
		ADDED from AndroidManifest.xml:49:17
meta-data#com.google.android.maps.v2.API_KEY
ADDED from AndroidManifest.xml:51:9
	android:name
		ADDED from AndroidManifest.xml:52:17
	android:value
		ADDED from AndroidManifest.xml:53:17
provider#org.ohmage.mobility.MobilityContentProvider
ADDED from AndroidManifest.xml:55:9
	android:exported
		ADDED from AndroidManifest.xml:59:17
	android:authorities
		ADDED from AndroidManifest.xml:57:17
	android:enabled
		ADDED from AndroidManifest.xml:58:17
	android:name
		ADDED from AndroidManifest.xml:56:17
activity#edu.cornell.tech.smalldata.omhclientlib.StartUserInterventionActivity
ADDED from AndroidManifest.xml:61:9
	android:label
		ADDED from AndroidManifest.xml:63:17
	android:name
		ADDED from AndroidManifest.xml:62:17
service#edu.cornell.tech.smalldata.omhclientlib.services.AuthorizationCodeService
ADDED from AndroidManifest.xml:66:9
	android:exported
		ADDED from AndroidManifest.xml:69:17
	android:enabled
		ADDED from AndroidManifest.xml:68:17
	android:name
		ADDED from AndroidManifest.xml:67:17
service#edu.cornell.tech.smalldata.omhclientlib.services.UploadToDsuService
ADDED from AndroidManifest.xml:71:9
	android:exported
		ADDED from AndroidManifest.xml:74:17
	android:enabled
		ADDED from AndroidManifest.xml:73:17
	android:name
		ADDED from AndroidManifest.xml:72:17
service#edu.cornell.tech.smalldata.omhclientlib.syncadapter.AuthenticatorService
ADDED from AndroidManifest.xml:76:9
	android:name
		ADDED from AndroidManifest.xml:76:18
intent-filter#android.accounts.AccountAuthenticator
ADDED from AndroidManifest.xml:77:13
action#android.accounts.AccountAuthenticator
ADDED from AndroidManifest.xml:78:17
	android:name
		ADDED from AndroidManifest.xml:78:25
meta-data#android.accounts.AccountAuthenticator
ADDED from AndroidManifest.xml:81:13
	android:resource
		ADDED from AndroidManifest.xml:83:21
	android:name
		ADDED from AndroidManifest.xml:82:21
service#edu.cornell.tech.smalldata.omhclientlib.syncadapter.SyncAdapterService
ADDED from AndroidManifest.xml:85:9
	android:process
		ADDED from AndroidManifest.xml:88:17
	android:exported
		ADDED from AndroidManifest.xml:87:17
	android:name
		ADDED from AndroidManifest.xml:86:17
intent-filter#android.content.SyncAdapter
ADDED from AndroidManifest.xml:89:13
action#android.content.SyncAdapter
ADDED from AndroidManifest.xml:90:17
	android:name
		ADDED from AndroidManifest.xml:90:25
meta-data#android.content.SyncAdapter
ADDED from AndroidManifest.xml:92:13
	android:resource
		ADDED from AndroidManifest.xml:93:24
	android:name
		ADDED from AndroidManifest.xml:92:24
provider#edu.cornell.tech.smalldata.omhclientlib.syncadapter.SyncAdapterContentProvider
ADDED from AndroidManifest.xml:96:9
	android:syncable
		ADDED from AndroidManifest.xml:100:17
	android:exported
		ADDED from AndroidManifest.xml:99:17
	android:authorities
		ADDED from AndroidManifest.xml:98:17
	android:name
		ADDED from AndroidManifest.xml:97:17
uses-permission#android.permission.READ_SYNC_SETTINGS
ADDED from :omhClientLib-release::15:5
	android:name
		ADDED from :omhClientLib-release::15:22
uses-permission#android.permission.WRITE_SYNC_SETTINGS
ADDED from :omhClientLib-release::16:5
	android:name
		ADDED from :omhClientLib-release::16:22
uses-permission#android.permission.AUTHENTICATE_ACCOUNTS
ADDED from :omhClientLib-release::17:5
	android:name
		ADDED from :omhClientLib-release::17:22